<html>
<head>
<title>TestNG:  Login test</title>
<link href="../testng.css" rel="stylesheet" type="text/css" />
<link href="../my-testng.css" rel="stylesheet" type="text/css" />

<style type="text/css">
.log { display: none;} 
.stack-trace { display: none;} 
</style>
<script type="text/javascript">
<!--
function flip(e) {
  current = e.style.display;
  if (current == 'block') {
    e.style.display = 'none';
    return 0;
  }
  else {
    e.style.display = 'block';
    return 1;
  }
}

function toggleBox(szDivId, elem, msg1, msg2)
{
  var res = -1;  if (document.getElementById) {
    res = flip(document.getElementById(szDivId));
  }
  else if (document.all) {
    // this is the way old msie versions work
    res = flip(document.all[szDivId]);
  }
  if(elem) {
    if(res == 0) elem.innerHTML = msg1; else elem.innerHTML = msg2;
  }

}

function toggleAllBoxes() {
  if (document.getElementsByTagName) {
    d = document.getElementsByTagName('div');
    for (i = 0; i < d.length; i++) {
      if (d[i].className == 'log') {
        flip(d[i]);
      }
    }
  }
}

// -->
</script>

</head>
<body>
<h2 align='center'>Login test</h2><table border='1' align="center">
<tr>
<td>Tests passed/Failed/Skipped:</td><td>5/1/0</td>
</tr><tr>
<td>Started on:</td><td>Thu Dec 09 22:24:24 IST 2021</td>
</tr>
<tr><td>Total time:</td><td>187 seconds (187112 ms)</td>
</tr><tr>
<td>Included groups:</td><td></td>
</tr><tr>
<td>Excluded groups:</td><td></td>
</tr>
</table><p/>
<small><i>(Hover the method name to see the test class name)</i></small><p/>
<table width='100%' border='1' class='invocation-failed'>
<tr><td colspan='4' align='center'><b>FAILED TESTS</b></td></tr>
<tr><td><b>Test method</b></td>
<td width="30%"><b>Exception</b></td>
<td width="10%"><b>Time (seconds)</b></td>
<td><b>Instance</b></td>
</tr>
<tr>
<td title='com.tdd.orangehrm.testcase.PIMPageTest.createEmployee()'><b>createEmployee</b><br>Test class: com.tdd.orangehrm.testcase.PIMPageTest<br>Test method: Create Employee<br/>
<a href="#Output-546217718" onClick='toggleBox("Output-546217718", this, "Show output", "Hide output");'>Show output</a>

<a href="#Output-546217718" onClick="toggleAllBoxes();">Show all outputs</a>
<div class='log' id="Output-546217718">
createEmployeeStarted...<br/>
createEmployee Test Failed...java.lang.AssertionError: The following asserts failed:
	expected [First Name Field Label is not visible] but found [true],
	expected [EmployeeID Label is not visible] but found [true],
	expected [Photograph Label is not visible] but found [true],
	expected [Create Login Detail Label is not visible] but found [true]<br/>
</div>
</td>
<td><div><pre>java.lang.AssertionError: The following asserts failed:
	expected [First Name Field Label is not visible] but found [true],
	expected [EmployeeID Label is not visible] but found [true],
	expected [Photograph Label is not visible] but found [true],
	expected [Create Login Detail Label is not visible] but found [true]
	at org.testng.asserts.SoftAssert.assertAll(SoftAssert.java:43)
	at com.tdd.orangehrm.testcase.PIMPageTest.createEmployee(PIMPageTest.java:74)
	at sun.reflect.NativeMethodAccessorImpl.invoke0(Native Method)
	at sun.reflect.NativeMethodAccessorImpl.invoke(NativeMethodAccessorImpl.java:62)
	at sun.reflect.DelegatingMethodAccessorImpl.invoke(DelegatingMethodAccessorImpl.java:43)
	at java.lang.reflect.Method.invoke(Method.java:498)
	at org.testng.internal.MethodInvocationHelper.invokeMethod(MethodInvocationHelper.java:124)
	at org.testng.internal.Invoker.invokeMethod(Invoker.java:583)
	at org.testng.internal.Invoker.invokeTestMethod(Invoker.java:719)
	at org.testng.internal.Invoker.invokeTestMethods(Invoker.java:989)
	at org.testng.internal.TestMethodWorker.invokeTestMethods(TestMethodWorker.java:125)
	at org.testng.internal.TestMethodWorker.run(TestMethodWorker.java:109)
	at org.testng.TestRunner.privateRun(TestRunner.java:648)
	at org.testng.TestRunner.run(TestRunner.java:505)
	at org.testng.SuiteRunner.runTest(SuiteRunner.java:455)
	at org.testng.SuiteRunner.runSequentially(SuiteRunner.java:450)
	at org.testng.SuiteRunner.privateRun(SuiteRunner.java:415)
	at org.testng.SuiteRunner.run(SuiteRunner.java:364)
	at org.testng.SuiteRunnerWorker.runSuite(SuiteRunnerWorker.java:52)
	at org.testng.SuiteRunnerWorker.run(SuiteRunnerWorker.java:84)
	at org.testng.TestNG.runSuitesSequentially(TestNG.java:1208)
	at org.testng.TestNG.runSuitesLocally(TestNG.java:1137)
	at org.testng.TestNG.runSuites(TestNG.java:1049)
	at org.testng.TestNG.run(TestNG.java:1017)
	at org.testng.remote.AbstractRemoteTestNG.run(AbstractRemoteTestNG.java:115)
	at org.testng.remote.RemoteTestNG.initAndRun(RemoteTestNG.java:251)
	at org.testng.remote.RemoteTestNG.main(RemoteTestNG.java:77)
</pre></div><a href='#' onClick='toggleBox("stack-trace546217718", this, "Click to show all stack frames", "Click to hide stack frames")'>Click to show all stack frames</a>
<div class='stack-trace' id='stack-trace546217718'><pre>java.lang.AssertionError: The following asserts failed:
	expected [First Name Field Label is not visible] but found [true],
	expected [EmployeeID Label is not visible] but found [true],
	expected [Photograph Label is not visible] but found [true],
	expected [Create Login Detail Label is not visible] but found [true]
	at org.testng.asserts.SoftAssert.assertAll(SoftAssert.java:43)
	at com.tdd.orangehrm.testcase.PIMPageTest.createEmployee(PIMPageTest.java:74)
	at sun.reflect.NativeMethodAccessorImpl.invoke0(Native Method)
	at sun.reflect.NativeMethodAccessorImpl.invoke(NativeMethodAccessorImpl.java:62)
	at sun.reflect.DelegatingMethodAccessorImpl.invoke(DelegatingMethodAccessorImpl.java:43)
	at java.lang.reflect.Method.invoke(Method.java:498)
	at org.testng.internal.MethodInvocationHelper.invokeMethod(MethodInvocationHelper.java:124)
	at org.testng.internal.Invoker.invokeMethod(Invoker.java:583)
	at org.testng.internal.Invoker.invokeTestMethod(Invoker.java:719)
	at org.testng.internal.Invoker.invokeTestMethods(Invoker.java:989)
	at org.testng.internal.TestMethodWorker.invokeTestMethods(TestMethodWorker.java:125)
	at org.testng.internal.TestMethodWorker.run(TestMethodWorker.java:109)
	at org.testng.TestRunner.privateRun(TestRunner.java:648)
	at org.testng.TestRunner.run(TestRunner.java:505)
	at org.testng.SuiteRunner.runTest(SuiteRunner.java:455)
	at org.testng.SuiteRunner.runSequentially(SuiteRunner.java:450)
	at org.testng.SuiteRunner.privateRun(SuiteRunner.java:415)
	at org.testng.SuiteRunner.run(SuiteRunner.java:364)
	at org.testng.SuiteRunnerWorker.runSuite(SuiteRunnerWorker.java:52)
	at org.testng.SuiteRunnerWorker.run(SuiteRunnerWorker.java:84)
	at org.testng.TestNG.runSuitesSequentially(TestNG.java:1208)
	at org.testng.TestNG.runSuitesLocally(TestNG.java:1137)
	at org.testng.TestNG.runSuites(TestNG.java:1049)
	at org.testng.TestNG.run(TestNG.java:1017)
	at org.testng.remote.AbstractRemoteTestNG.run(AbstractRemoteTestNG.java:115)
	at org.testng.remote.RemoteTestNG.initAndRun(RemoteTestNG.java:251)
	at org.testng.remote.RemoteTestNG.main(RemoteTestNG.java:77)
</pre></div></td>
<td>36</td>
<td>com.tdd.orangehrm.testcase.PIMPageTest@13b13b5d</td></tr>
</table><p>
<table width='100%' border='1' class='invocation-passed'>
<tr><td colspan='4' align='center'><b>PASSED TESTS</b></td></tr>
<tr><td><b>Test method</b></td>
<td width="30%"><b>Exception</b></td>
<td width="10%"><b>Time (seconds)</b></td>
<td><b>Instance</b></td>
</tr>
<tr>
<td title='com.tdd.orangehrm.testcase.LoginPageTest.loginIntoApplicationValidCred()'><b>loginIntoApplicationValidCred</b><br>Test class: com.tdd.orangehrm.testcase.LoginPageTest<br>Test method: Login with valid credentials<br/>
<a href="#Output-500618423" onClick='toggleBox("Output-500618423", this, "Show output", "Hide output");'>Show output</a>

<a href="#Output-500618423" onClick="toggleAllBoxes();">Show all outputs</a>
<div class='log' id="Output-500618423">
loginIntoApplicationValidCredStarted...<br/>
loginIntoApplicationValidCred Test Passed...<br/>
</div>
</td>
<td></td>
<td>48</td>
<td>com.tdd.orangehrm.testcase.LoginPageTest@40cb8df7</td></tr>
<tr>
<td title='com.tdd.orangehrm.testcase.LoginPageTest.loginIntoAppplicationInvalidCred()'><b>loginIntoAppplicationInvalidCred</b><br>Test class: com.tdd.orangehrm.testcase.LoginPageTest<br>Test method: Login with Invalid Credentails<br/>
<a href="#Output-636959006" onClick='toggleBox("Output-636959006", this, "Show output", "Hide output");'>Show output</a>

<a href="#Output-636959006" onClick="toggleAllBoxes();">Show all outputs</a>
<div class='log' id="Output-636959006">
loginIntoAppplicationInvalidCredStarted...<br/>
loginIntoAppplicationInvalidCred Test Passed...<br/>
</div>
</td>
<td></td>
<td>3</td>
<td>com.tdd.orangehrm.testcase.LoginPageTest@40cb8df7</td></tr>
<tr>
<td title='com.tdd.orangehrm.testcase.PIMPageTest.navigateToAddEmployee()'><b>navigateToAddEmployee</b><br>Test class: com.tdd.orangehrm.testcase.PIMPageTest<br>Test method: Navigate to Add Employee<br/>
<a href="#Output-1241897134" onClick='toggleBox("Output-1241897134", this, "Show output", "Hide output");'>Show output</a>

<a href="#Output-1241897134" onClick="toggleAllBoxes();">Show all outputs</a>
<div class='log' id="Output-1241897134">
navigateToAddEmployeeStarted...<br/>
navigateToAddEmployee Test Passed...<br/>
</div>
</td>
<td></td>
<td>27</td>
<td>com.tdd.orangehrm.testcase.PIMPageTest@13b13b5d</td></tr>
<tr>
<td title='com.tdd.orangehrm.testcase.LoginPageTest.verifyForgetPassword()'><b>verifyForgetPassword</b><br>Test class: com.tdd.orangehrm.testcase.LoginPageTest<br>Test method: Verify Forget password link<br/>
<a href="#Output-1883830050" onClick='toggleBox("Output-1883830050", this, "Show output", "Hide output");'>Show output</a>

<a href="#Output-1883830050" onClick="toggleAllBoxes();">Show all outputs</a>
<div class='log' id="Output-1883830050">
verifyForgetPasswordStarted...<br/>
verifyForgetPassword Test Passed...<br/>
</div>
</td>
<td></td>
<td>10</td>
<td>com.tdd.orangehrm.testcase.LoginPageTest@40cb8df7</td></tr>
<tr>
<td title='com.tdd.orangehrm.testcase.LoginPageTest.verifyLogo()'><b>verifyLogo</b><br>Test class: com.tdd.orangehrm.testcase.LoginPageTest<br>Test method: Logo Verification<br/>
<a href="#Output-544628437" onClick='toggleBox("Output-544628437", this, "Show output", "Hide output");'>Show output</a>

<a href="#Output-544628437" onClick="toggleAllBoxes();">Show all outputs</a>
<div class='log' id="Output-544628437">
verifyLogoStarted...<br/>
verifyLogo Test Passed...<br/>
</div>
</td>
<td></td>
<td>0</td>
<td>com.tdd.orangehrm.testcase.LoginPageTest@40cb8df7</td></tr>
</table><p>
</body>
</html>