<!DOCTYPE html PUBLIC "-//W3C//DTD XHTML 1.1//EN" "http://www.w3.org/TR/xhtml11/DTD/xhtml11.dtd">
<html xmlns="http://www.w3.org/1999/xhtml">
<head>
<meta http-equiv="content-type" content="text/html; charset=UTF-8"/>
<title>TestNG Report</title>
<style type="text/css">table {margin-bottom:10px;border-collapse:collapse;empty-cells:show}th,td {border:1px solid #009;padding:.25em .5em}th {vertical-align:bottom}td {vertical-align:top}table a {font-weight:bold}.stripe td {background-color: #E6EBF9}.num {text-align:right}.passedodd td {background-color: #3F3}.passedeven td {background-color: #0A0}.skippedodd td {background-color: #DDD}.skippedeven td {background-color: #CCC}.failedodd td,.attn {background-color: #F33}.failedeven td,.stripe .attn {background-color: #D00}.stacktrace {white-space:pre;font-family:monospace}.totop {font-size:85%;text-align:center;border-bottom:2px solid #000}.invisible {display:none}</style>
</head>
<body>
<table>
<tr><th>Test</th><th># Passed</th><th># Skipped</th><th># Failed</th><th>Time (ms)</th><th>Included Groups</th><th>Excluded Groups</th></tr>
<tr><th colspan="7">LoginTest suite</th></tr>
<tr><td><a href="#t0">Login test</a></td><td class="num">5</td><td class="num">0</td><td class="num attn">1</td><td class="num">187,112</td><td></td><td></td></tr>
</table>
<table id='summary'><thead><tr><th>Class</th><th>Method</th><th>Start</th><th>Time (ms)</th></tr></thead><tbody><tr><th colspan="4">LoginTest suite</th></tr></tbody><tbody id="t0"><tr><th colspan="4">Login test &#8212; failed</th></tr><tr class="failedeven"><td rowspan="1">com.tdd.orangehrm.testcase.PIMPageTest</td><td><a href="#m0">createEmployee</a></td><td rowspan="1">1639068970486</td><td rowspan="1">36721</td></tr><tr><th colspan="4">Login test &#8212; passed</th></tr><tr class="passedeven"><td rowspan="4">com.tdd.orangehrm.testcase.LoginPageTest</td><td><a href="#m1">loginIntoApplicationValidCred</a></td><td rowspan="1">1639068875536</td><td rowspan="1">48791</td></tr><tr class="passedeven"><td><a href="#m2">loginIntoAppplicationInvalidCred</a></td><td rowspan="1">1639068932788</td><td rowspan="1">3067</td></tr><tr class="passedeven"><td><a href="#m3">verifyForgetPassword</a></td><td rowspan="1">1639068943647</td><td rowspan="1">10053</td></tr><tr class="passedeven"><td><a href="#m4">verifyLogo</a></td><td rowspan="1">1639068962289</td><td rowspan="1">221</td></tr><tr class="passedodd"><td rowspan="1">com.tdd.orangehrm.testcase.PIMPageTest</td><td><a href="#m5">navigateToAddEmployee</a></td><td rowspan="1">1639069021461</td><td rowspan="1">27666</td></tr></tbody>
</table>
<h2>Login test</h2><h3 id="m0">com.tdd.orangehrm.testcase.PIMPageTest#createEmployee</h3><table class="result"><tr><th>Messages</th></tr><tr><td><div class="messages">createEmployeeStarted...<br/>createEmployee Test Failed...java.lang.AssertionError: The following asserts failed:
	expected [First Name Field Label is not visible] but found [true],
	expected [EmployeeID Label is not visible] but found [true],
	expected [Photograph Label is not visible] but found [true],
	expected [Create Login Detail Label is not visible] but found [true]</div></td></tr><tr><th>Exception</th></tr><tr><td><div class="stacktrace">java.lang.AssertionError: The following asserts failed:
	expected [First Name Field Label is not visible] but found [true],
	expected [EmployeeID Label is not visible] but found [true],
	expected [Photograph Label is not visible] but found [true],
	expected [Create Login Detail Label is not visible] but found [true]
	at org.testng.asserts.SoftAssert.assertAll(SoftAssert.java:43)
	at com.tdd.orangehrm.testcase.PIMPageTest.createEmployee(PIMPageTest.java:74)
	at sun.reflect.NativeMethodAccessorImpl.invoke0(Native Method)
	at sun.reflect.NativeMethodAccessorImpl.invoke(NativeMethodAccessorImpl.java:62)
	at sun.reflect.DelegatingMethodAccessorImpl.invoke(DelegatingMethodAccessorImpl.java:43)
	at java.lang.reflect.Method.invoke(Method.java:498)
	at org.testng.internal.MethodInvocationHelper.invokeMethod(MethodInvocationHelper.java:124)
	at org.testng.internal.Invoker.invokeMethod(Invoker.java:583)
	at org.testng.internal.Invoker.invokeTestMethod(Invoker.java:719)
	at org.testng.internal.Invoker.invokeTestMethods(Invoker.java:989)
	at org.testng.internal.TestMethodWorker.invokeTestMethods(TestMethodWorker.java:125)
	at org.testng.internal.TestMethodWorker.run(TestMethodWorker.java:109)
	at org.testng.TestRunner.privateRun(TestRunner.java:648)
	at org.testng.TestRunner.run(TestRunner.java:505)
	at org.testng.SuiteRunner.runTest(SuiteRunner.java:455)
	at org.testng.SuiteRunner.runSequentially(SuiteRunner.java:450)
	at org.testng.SuiteRunner.privateRun(SuiteRunner.java:415)
	at org.testng.SuiteRunner.run(SuiteRunner.java:364)
	at org.testng.SuiteRunnerWorker.runSuite(SuiteRunnerWorker.java:52)
	at org.testng.SuiteRunnerWorker.run(SuiteRunnerWorker.java:84)
	at org.testng.TestNG.runSuitesSequentially(TestNG.java:1208)
	at org.testng.TestNG.runSuitesLocally(TestNG.java:1137)
	at org.testng.TestNG.runSuites(TestNG.java:1049)
	at org.testng.TestNG.run(TestNG.java:1017)
	at org.testng.remote.AbstractRemoteTestNG.run(AbstractRemoteTestNG.java:115)
	at org.testng.remote.RemoteTestNG.initAndRun(RemoteTestNG.java:251)
	at org.testng.remote.RemoteTestNG.main(RemoteTestNG.java:77)
</div></td></tr></table><p class="totop"><a href="#summary">back to summary</a></p>
<h3 id="m1">com.tdd.orangehrm.testcase.LoginPageTest#loginIntoApplicationValidCred</h3><table class="result"><tr><th>Messages</th></tr><tr><td><div class="messages">loginIntoApplicationValidCredStarted...<br/>loginIntoApplicationValidCred Test Passed...</div></td></tr></table><p class="totop"><a href="#summary">back to summary</a></p>
<h3 id="m2">com.tdd.orangehrm.testcase.LoginPageTest#loginIntoAppplicationInvalidCred</h3><table class="result"><tr><th>Messages</th></tr><tr><td><div class="messages">loginIntoAppplicationInvalidCredStarted...<br/>loginIntoAppplicationInvalidCred Test Passed...</div></td></tr></table><p class="totop"><a href="#summary">back to summary</a></p>
<h3 id="m3">com.tdd.orangehrm.testcase.LoginPageTest#verifyForgetPassword</h3><table class="result"><tr><th>Messages</th></tr><tr><td><div class="messages">verifyForgetPasswordStarted...<br/>verifyForgetPassword Test Passed...</div></td></tr></table><p class="totop"><a href="#summary">back to summary</a></p>
<h3 id="m4">com.tdd.orangehrm.testcase.LoginPageTest#verifyLogo</h3><table class="result"><tr><th>Messages</th></tr><tr><td><div class="messages">verifyLogoStarted...<br/>verifyLogo Test Passed...</div></td></tr></table><p class="totop"><a href="#summary">back to summary</a></p>
<h3 id="m5">com.tdd.orangehrm.testcase.PIMPageTest#navigateToAddEmployee</h3><table class="result"><tr><th>Messages</th></tr><tr><td><div class="messages">navigateToAddEmployeeStarted...<br/>navigateToAddEmployee Test Passed...</div></td></tr></table><p class="totop"><a href="#summary">back to summary</a></p>
</body>
</html>
