<?xml version="1.0" encoding="UTF-8"?>
<testng-results skipped="0" failed="1" ignored="0" total="2" passed="1">
  <reporter-output>
    <line>
      <![CDATA[createEmployeeStarted...]]>
    </line>
    <line>
      <![CDATA[createEmployee Test Failed...java.lang.AssertionError: The following asserts failed:
expected [First Name Field Label is not visible] but found [true],
expected [EmployeeID Label is not visible] but found [true],
expected [Photograph Label is not visible] but found [true],
expected [Create Login Detail Label is not visible] but found [true]]]>
    </line>
    <line>
      <![CDATA[navigateToAddEmployeeStarted...]]>
    </line>
    <line>
      <![CDATA[navigateToAddEmployee Test Passed...]]>
    </line>
  </reporter-output>
  <suite name="LoginTest suite" duration-ms="181712" started-at="2021-12-13T16:43:31Z" finished-at="2021-12-13T16:46:32Z">
    <groups>
    </groups>
    <test name="Login test" duration-ms="181712" started-at="2021-12-13T16:43:31Z" finished-at="2021-12-13T16:46:32Z">
      <class name="com.tdd.orangehrm.testcase.PIMPageTest">
        <test-method status="PASS" signature="setup(org.testng.ITestContext)[pri:0, instance:com.tdd.orangehrm.testcase.PIMPageTest@2177849e]" name="setup" is-config="true" duration-ms="47" started-at="2021-12-13T16:43:31Z" finished-at="2021-12-13T16:43:31Z">
          <params>
            <param index="0">
              <value>
                <![CDATA[org.testng.TestRunner@77134e08]]>
              </value>
            </param>
          </params>
          <reporter-output>
          </reporter-output>
        </test-method> <!-- setup -->
        <test-method status="PASS" signature="beforeClass(org.testng.ITestResult)[pri:0, instance:com.tdd.orangehrm.testcase.PIMPageTest@2177849e]" name="beforeClass" is-config="true" duration-ms="19629" started-at="2021-12-13T16:43:31Z" finished-at="2021-12-13T16:43:50Z">
          <params>
            <param index="0">
              <value>
                <![CDATA[[TestResult name=createEmployee status=FAILURE method=PIMPageTest.createEmployee()[pri:0, instance:com.tdd.orangehrm.testcase.PIMPageTest@2177849e] output=createEmployeeStarted...]]]>
              </value>
            </param>
          </params>
          <reporter-output>
          </reporter-output>
        </test-method> <!-- beforeClass -->
        <test-method status="FAIL" signature="createEmployee()[pri:0, instance:com.tdd.orangehrm.testcase.PIMPageTest@2177849e]" name="createEmployee" duration-ms="92285" started-at="2021-12-13T16:43:50Z" description="Create Employee" finished-at="2021-12-13T16:45:23Z">
          <exception class="java.lang.AssertionError">
            <message>
              <![CDATA[The following asserts failed:
expected [First Name Field Label is not visible] but found [true],
expected [EmployeeID Label is not visible] but found [true],
expected [Photograph Label is not visible] but found [true],
expected [Create Login Detail Label is not visible] but found [true]]]>
            </message>
            <full-stacktrace>
              <![CDATA[java.lang.AssertionError: The following asserts failed:
expected [First Name Field Label is not visible] but found [true],
expected [EmployeeID Label is not visible] but found [true],
expected [Photograph Label is not visible] but found [true],
expected [Create Login Detail Label is not visible] but found [true]
at org.testng.asserts.SoftAssert.assertAll(SoftAssert.java:43)
at com.tdd.orangehrm.testcase.PIMPageTest.createEmployee(PIMPageTest.java:90)
at sun.reflect.NativeMethodAccessorImpl.invoke0(Native Method)
at sun.reflect.NativeMethodAccessorImpl.invoke(NativeMethodAccessorImpl.java:62)
at sun.reflect.DelegatingMethodAccessorImpl.invoke(DelegatingMethodAccessorImpl.java:43)
at java.lang.reflect.Method.invoke(Method.java:498)
at org.testng.internal.MethodInvocationHelper.invokeMethod(MethodInvocationHelper.java:124)
at org.testng.internal.Invoker.invokeMethod(Invoker.java:583)
at org.testng.internal.Invoker.invokeTestMethod(Invoker.java:719)
at org.testng.internal.Invoker.invokeTestMethods(Invoker.java:989)
at org.testng.internal.TestMethodWorker.invokeTestMethods(TestMethodWorker.java:125)
at org.testng.internal.TestMethodWorker.run(TestMethodWorker.java:109)
at org.testng.TestRunner.privateRun(TestRunner.java:648)
at org.testng.TestRunner.run(TestRunner.java:505)
at org.testng.SuiteRunner.runTest(SuiteRunner.java:455)
at org.testng.SuiteRunner.runSequentially(SuiteRunner.java:450)
at org.testng.SuiteRunner.privateRun(SuiteRunner.java:415)
at org.testng.SuiteRunner.run(SuiteRunner.java:364)
at org.testng.SuiteRunnerWorker.runSuite(SuiteRunnerWorker.java:52)
at org.testng.SuiteRunnerWorker.run(SuiteRunnerWorker.java:84)
at org.testng.TestNG.runSuitesSequentially(TestNG.java:1208)
at org.testng.TestNG.runSuitesLocally(TestNG.java:1137)
at org.testng.TestNG.runSuites(TestNG.java:1049)
at org.testng.TestNG.run(TestNG.java:1017)
at org.testng.remote.AbstractRemoteTestNG.run(AbstractRemoteTestNG.java:115)
at org.testng.remote.RemoteTestNG.initAndRun(RemoteTestNG.java:251)
at org.testng.remote.RemoteTestNG.main(RemoteTestNG.java:77)
]]>
            </full-stacktrace>
          </exception> <!-- java.lang.AssertionError -->
          <reporter-output>
            <line>
              <![CDATA[createEmployeeStarted...]]>
            </line>
            <line>
              <![CDATA[createEmployee Test Failed...java.lang.AssertionError: The following asserts failed:
expected [First Name Field Label is not visible] but found [true],
expected [EmployeeID Label is not visible] but found [true],
expected [Photograph Label is not visible] but found [true],
expected [Create Login Detail Label is not visible] but found [true]]]>
            </line>
          </reporter-output>
        </test-method> <!-- createEmployee -->
        <test-method status="PASS" signature="afterMethod(org.testng.ITestResult)[pri:0, instance:com.tdd.orangehrm.testcase.PIMPageTest@2177849e]" name="afterMethod" is-config="true" duration-ms="2583" started-at="2021-12-13T16:45:25Z" finished-at="2021-12-13T16:45:28Z">
          <params>
            <param index="0">
              <value>
                <![CDATA[[TestResult name=createEmployee status=FAILURE method=PIMPageTest.createEmployee()[pri:0, instance:com.tdd.orangehrm.testcase.PIMPageTest@2177849e] output=createEmployeeStarted...]]]>
              </value>
            </param>
          </params>
          <reporter-output>
          </reporter-output>
        </test-method> <!-- afterMethod -->
        <test-method status="PASS" signature="beforeClass(org.testng.ITestResult)[pri:0, instance:com.tdd.orangehrm.testcase.PIMPageTest@2177849e]" name="beforeClass" is-config="true" duration-ms="22494" started-at="2021-12-13T16:45:28Z" finished-at="2021-12-13T16:45:50Z">
          <params>
            <param index="0">
              <value>
                <![CDATA[[TestResult name=navigateToAddEmployee status=SUCCESS method=PIMPageTest.navigateToAddEmployee()[pri:0, instance:com.tdd.orangehrm.testcase.PIMPageTest@2177849e] output=navigateToAddEmployeeStarted...]]]>
              </value>
            </param>
          </params>
          <reporter-output>
          </reporter-output>
        </test-method> <!-- beforeClass -->
        <test-method status="PASS" signature="navigateToAddEmployee()[pri:0, instance:com.tdd.orangehrm.testcase.PIMPageTest@2177849e]" name="navigateToAddEmployee" duration-ms="39828" started-at="2021-12-13T16:45:50Z" description="Navigate to Add Employee" finished-at="2021-12-13T16:46:30Z">
          <reporter-output>
            <line>
              <![CDATA[navigateToAddEmployeeStarted...]]>
            </line>
            <line>
              <![CDATA[navigateToAddEmployee Test Passed...]]>
            </line>
          </reporter-output>
        </test-method> <!-- navigateToAddEmployee -->
        <test-method status="PASS" signature="afterMethod(org.testng.ITestResult)[pri:0, instance:com.tdd.orangehrm.testcase.PIMPageTest@2177849e]" name="afterMethod" is-config="true" duration-ms="460" started-at="2021-12-13T16:46:30Z" finished-at="2021-12-13T16:46:30Z">
          <params>
            <param index="0">
              <value>
                <![CDATA[[TestResult name=navigateToAddEmployee status=SUCCESS method=PIMPageTest.navigateToAddEmployee()[pri:0, instance:com.tdd.orangehrm.testcase.PIMPageTest@2177849e] output=navigateToAddEmployeeStarted...]]]>
              </value>
            </param>
          </params>
          <reporter-output>
          </reporter-output>
        </test-method> <!-- afterMethod -->
        <test-method status="PASS" signature="afterTest()[pri:0, instance:com.tdd.orangehrm.testcase.PIMPageTest@2177849e]" name="afterTest" is-config="true" duration-ms="1927" started-at="2021-12-13T16:46:30Z" finished-at="2021-12-13T16:46:32Z">
          <reporter-output>
          </reporter-output>
        </test-method> <!-- afterTest -->
        <test-method status="PASS" signature="tearDown(org.testng.ITestContext)[pri:0, instance:com.tdd.orangehrm.testcase.PIMPageTest@2177849e]" name="tearDown" is-config="true" duration-ms="7" started-at="2021-12-13T16:46:33Z" finished-at="2021-12-13T16:46:33Z">
          <params>
            <param index="0">
              <value>
                <![CDATA[org.testng.TestRunner@77134e08]]>
              </value>
            </param>
          </params>
          <reporter-output>
          </reporter-output>
        </test-method> <!-- tearDown -->
      </class> <!-- com.tdd.orangehrm.testcase.PIMPageTest -->
    </test> <!-- Login test -->
  </suite> <!-- LoginTest suite -->
</testng-results>
